0 info it worked if it ends with ok
1 verbose cli [ '/usr/bin/node', '/usr/bin/npm', 'install', 'jshint' ]
2 info using npm@1.3.11
3 info using node@v0.10.21
4 verbose readDependencies using package.json deps
5 verbose cache add [ 'jshint', null ]
6 verbose cache add name=undefined spec="jshint" args=["jshint",null]
7 verbose parsed url { protocol: null,
7 verbose parsed url   slashes: null,
7 verbose parsed url   auth: null,
7 verbose parsed url   host: null,
7 verbose parsed url   port: null,
7 verbose parsed url   hostname: null,
7 verbose parsed url   hash: null,
7 verbose parsed url   search: null,
7 verbose parsed url   query: null,
7 verbose parsed url   pathname: 'jshint',
7 verbose parsed url   path: 'jshint',
7 verbose parsed url   href: 'jshint' }
8 silly lockFile da5c03cb-jshint jshint
9 verbose lock jshint /root/.npm/da5c03cb-jshint.lock
10 silly lockFile da5c03cb-jshint jshint
11 silly lockFile da5c03cb-jshint jshint
12 verbose addNamed [ 'jshint', '' ]
13 verbose addNamed [ null, '*' ]
14 silly lockFile a02a2468-jshint jshint@
15 verbose lock jshint@ /root/.npm/a02a2468-jshint.lock
16 silly addNameRange { name: 'jshint', range: '*', hasData: false }
17 verbose url raw jshint
18 verbose url resolving [ 'https://registry.npmjs.org/', './jshint' ]
19 verbose url resolved https://registry.npmjs.org/jshint
20 info trying registry request attempt 1 at 21:15:26
21 http GET https://registry.npmjs.org/jshint
22 info retry will retry, error on last attempt: Error: UNABLE_TO_VERIFY_LEAF_SIGNATURE
23 info trying registry request attempt 2 at 21:15:36
24 http GET https://registry.npmjs.org/jshint
25 info retry will retry, error on last attempt: Error: UNABLE_TO_VERIFY_LEAF_SIGNATURE
26 info trying registry request attempt 3 at 21:16:36
27 http GET https://registry.npmjs.org/jshint
28 silly lockFile a02a2468-jshint jshint@
29 silly lockFile a02a2468-jshint jshint@
30 error Error: UNABLE_TO_VERIFY_LEAF_SIGNATURE
30 error     at SecurePair.<anonymous> (tls.js:1356:32)
30 error     at SecurePair.EventEmitter.emit (events.js:92:17)
30 error     at SecurePair.maybeInitFinished (tls.js:968:10)
30 error     at CleartextStream.read [as _read] (tls.js:462:15)
30 error     at CleartextStream.Readable.read (_stream_readable.js:320:10)
30 error     at EncryptedStream.write [as _write] (tls.js:366:25)
30 error     at doWrite (_stream_writable.js:221:10)
30 error     at writeOrBuffer (_stream_writable.js:211:5)
30 error     at EncryptedStream.Writable.write (_stream_writable.js:180:11)
30 error     at write (_stream_readable.js:583:24)
31 error If you need help, you may report this log at:
31 error     <http://github.com/isaacs/npm/issues>
31 error or email it to:
31 error     <npm-@googlegroups.com>
32 error System Linux 3.8.13-gentoo
33 error command "/usr/bin/node" "/usr/bin/npm" "install" "jshint"
34 error cwd /home/www/joomla/public_html/templates/urjc/summernote
35 error node -v v0.10.21
36 error npm -v 1.3.11
37 verbose exit [ 1, true ]
